This is XeTeX, Version 3.141592653-2.6-0.999998 (TeX Live 2026) (preloaded format=xelatex)
 \write18 enabled.
entering extended mode
(./_combined_manuscript.tex
LaTeX2e <2025-11-01>
L3 programming layer <2026-01-19>
(/usr/local/texlive/2026/texmf-dist/tex/latex/base/article.cls
Document Class: article 2025/01/22 v1.4n Standard LaTeX document class
(/usr/local/texlive/2026/texmf-dist/tex/latex/base/size10.clo))
(/usr/local/texlive/2026/texmf-dist/tex/latex/xcolor/xcolor.sty
(/usr/local/texlive/2026/texmf-dist/tex/latex/graphics-cfg/color.cfg)
(/usr/local/texlive/2026/texmf-dist/tex/latex/graphics-def/xetex.def)
(/usr/local/texlive/2026/texmf-dist/tex/latex/graphics/mathcolor.ltx))
(/usr/local/texlive/2026/texmf-dist/tex/latex/amsmath/amsmath.sty
For additional information on amsmath, use the `?' option.
(/usr/local/texlive/2026/texmf-dist/tex/latex/amsmath/amstext.sty
(/usr/local/texlive/2026/texmf-dist/tex/latex/amsmath/amsgen.sty))
(/usr/local/texlive/2026/texmf-dist/tex/latex/amsmath/amsbsy.sty)
(/usr/local/texlive/2026/texmf-dist/tex/latex/amsmath/amsopn.sty))
(/usr/local/texlive/2026/texmf-dist/tex/latex/amsfonts/amssymb.sty
(/usr/local/texlive/2026/texmf-dist/tex/latex/amsfonts/amsfonts.sty))
(/usr/local/texlive/2026/texmf-dist/tex/generic/iftex/iftex.sty)
(/usr/local/texlive/2026/texmf-dist/tex/latex/unicode-math/unicode-math.sty
(/usr/local/texlive/2026/texmf-dist/tex/latex/l3kernel/expl3.sty
(/usr/local/texlive/2026/texmf-dist/tex/latex/l3backend/l3backend-xetex.def))
(/usr/local/texlive/2026/texmf-dist/tex/latex/unicode-math/unicode-math-xetex.s
ty (/usr/local/texlive/2026/texmf-dist/tex/latex/l3packages/xparse/xparse.sty)
(/usr/local/texlive/2026/texmf-dist/tex/latex/l3packages/l3keys2e/l3keys2e.sty)
 (/usr/local/texlive/2026/texmf-dist/tex/latex/fontspec/fontspec.sty
(/usr/local/texlive/2026/texmf-dist/tex/latex/fontspec/fontspec-xetex.sty
(/usr/local/texlive/2026/texmf-dist/tex/latex/base/fontenc.sty)
(/usr/local/texlive/2026/texmf-dist/tex/latex/fontspec/fontspec.cfg)))
(/usr/local/texlive/2026/texmf-dist/tex/latex/base/fix-cm.sty
(/usr/local/texlive/2026/texmf-dist/tex/latex/base/ts1enc.def))
(/usr/local/texlive/2026/texmf-dist/tex/latex/unicode-math/unicode-math-table.t
ex))) (/usr/local/texlive/2026/texmf-dist/tex/latex/upquote/upquote.sty
(/usr/local/texlive/2026/texmf-dist/tex/latex/base/textcomp.sty))
(/usr/local/texlive/2026/texmf-dist/tex/latex/microtype/microtype.sty
(/usr/local/texlive/2026/texmf-dist/tex/latex/graphics/keyval.sty)
(/usr/local/texlive/2026/texmf-dist/tex/latex/etoolbox/etoolbox.sty)
(/usr/local/texlive/2026/texmf-dist/tex/latex/microtype/microtype-xetex.def)
(/usr/local/texlive/2026/texmf-dist/tex/latex/microtype/microtype.cfg))
(/usr/local/texlive/2026/texmf-dist/tex/latex/parskip/parskip.sty
(/usr/local/texlive/2026/texmf-dist/tex/latex/kvoptions/kvoptions.sty
(/usr/local/texlive/2026/texmf-dist/tex/generic/ltxcmds/ltxcmds.sty)
(/usr/local/texlive/2026/texmf-dist/tex/latex/kvsetkeys/kvsetkeys.sty)))
(/usr/local/texlive/2026/texmf-dist/tex/latex/tools/longtable.sty)
(/usr/local/texlive/2026/texmf-dist/tex/latex/booktabs/booktabs.sty)
(/usr/local/texlive/2026/texmf-dist/tex/latex/tools/array.sty)
(/usr/local/texlive/2026/texmf-dist/tex/latex/tools/calc.sty)
(/usr/local/texlive/2026/texmf-dist/tex/latex/footnotehyper/footnotehyper.sty)
(/usr/local/texlive/2026/texmf-dist/tex/latex/graphics/graphicx.sty
(/usr/local/texlive/2026/texmf-dist/tex/latex/graphics/graphics.sty
(/usr/local/texlive/2026/texmf-dist/tex/latex/graphics/trig.sty)
(/usr/local/texlive/2026/texmf-dist/tex/latex/graphics-cfg/graphics.cfg)))
(/usr/local/texlive/2026/texmf-dist/tex/latex/natbib/natbib.sty)
(/usr/local/texlive/2026/texmf-dist/tex/latex/caption/subcaption.sty
(/usr/local/texlive/2026/texmf-dist/tex/latex/caption/caption.sty
(/usr/local/texlive/2026/texmf-dist/tex/latex/caption/caption3.sty)
(/usr/local/texlive/2026/texmf-dist/tex/latex/caption/ltcaption.sty)))
(/usr/local/texlive/2026/texmf-dist/tex/latex/float/float.sty)
(/usr/local/texlive/2026/texmf-dist/tex/latex/bookmark/bookmark.sty
(/usr/local/texlive/2026/texmf-dist/tex/latex/hyperref/hyperref.sty
(/usr/local/texlive/2026/texmf-dist/tex/generic/kvdefinekeys/kvdefinekeys.sty)
(/usr/local/texlive/2026/texmf-dist/tex/generic/pdfescape/pdfescape.sty
(/usr/local/texlive/2026/texmf-dist/tex/generic/pdftexcmds/pdftexcmds.sty
(/usr/local/texlive/2026/texmf-dist/tex/generic/infwarerr/infwarerr.sty)))
(/usr/local/texlive/2026/texmf-dist/tex/latex/hycolor/hycolor.sty)
(/usr/local/texlive/2026/texmf-dist/tex/latex/hyperref/nameref.sty
(/usr/local/texlive/2026/texmf-dist/tex/latex/refcount/refcount.sty)
(/usr/local/texlive/2026/texmf-dist/tex/generic/gettitlestring/gettitlestring.s
ty)) (/usr/local/texlive/2026/texmf-dist/tex/generic/stringenc/stringenc.sty)
(/usr/local/texlive/2026/texmf-dist/tex/latex/hyperref/pd1enc.def)
(/usr/local/texlive/2026/texmf-dist/tex/generic/intcalc/intcalc.sty)
(/usr/local/texlive/2026/texmf-dist/tex/latex/hyperref/puenc.def)
(/usr/local/texlive/2026/texmf-dist/tex/latex/url/url.sty)
(/usr/local/texlive/2026/texmf-dist/tex/generic/bitset/bitset.sty
(/usr/local/texlive/2026/texmf-dist/tex/generic/bigintcalc/bigintcalc.sty)))
(/usr/local/texlive/2026/texmf-dist/tex/latex/hyperref/hxetex.def
(/usr/local/texlive/2026/texmf-dist/tex/latex/rerunfilecheck/rerunfilecheck.sty

(/usr/local/texlive/2026/texmf-dist/tex/generic/uniquecounter/uniquecounter.sty
))) (/usr/local/texlive/2026/texmf-dist/tex/latex/bookmark/bkm-dvipdfm.def))
(/usr/local/texlive/2026/texmf-dist/tex/latex/xurl/xurl.sty)
(/usr/local/texlive/2026/texmf-dist/tex/latex/seqsplit/seqsplit.sty)
(/usr/local/texlive/2026/texmf-dist/tex/latex/geometry/geometry.sty
(/usr/local/texlive/2026/texmf-dist/tex/generic/iftex/ifvtex.sty))
(./_combined_manuscript.aux)
(/usr/local/texlive/2026/texmf-dist/tex/latex/microtype/mt-LatinModernRoman.cfg
)
*geometry* driver: auto-detecting
*geometry* detected driver: xetex
(/usr/local/texlive/2026/texmf-dist/tex/latex/amsfonts/umsa.fd)
(/usr/local/texlive/2026/texmf-dist/tex/latex/microtype/mt-msa.cfg)
(/usr/local/texlive/2026/texmf-dist/tex/latex/amsfonts/umsb.fd)
(/usr/local/texlive/2026/texmf-dist/tex/latex/microtype/mt-msb.cfg) [1]
[1] (./_combined_manuscript.toc) [1] [2] [3] [4] [5] [6] [7] [8] [9] [10]
Underfull \hbox (badness 10000) in paragraph at lines 1210--1210
[]\TU/lmr/m/n/10 Figure 6: |Held-out accuracy with Wilson intervals for the bas
eline and evaluated candidates from out-

Underfull \hbox (badness 10000) in paragraph at lines 1283--1283
[]\TU/lmr/m/n/10 Figure 12: |Parameter-count versus held-out accuracy for the b
aseline and evaluated candidates from out-
[11] [12] [13] [14] [15] [16] [17] [18]
Underfull \hbox (badness 10000) in paragraph at lines 1579--1579
[]\TU/lmr/m/n/10 Figure 19: |Accuracy for evaluated candidates under identity, 
one-pixel shifts, and low contrast from out-
[19] [20] [21] [22]
Overfull \hbox (0.11067pt too wide) in alignment at lines 1823--1841
 [] [] [] [] [] [] 

Overfull \hbox (0.11067pt too wide) in alignment at lines 1841--1857
 [] [] [] [] [] [] 

Overfull \hbox (0.11067pt too wide) in alignment at lines 1857--1859
 [] [] [] [] [] [] 

Overfull \hbox (0.11067pt too wide) in alignment at lines 1859--1864
 [] [] [] [] [] [] 
[23] [24] [25]
Underfull \hbox (badness 3919) in paragraph at lines 2076--2076
[]\TU/lmr/m/n/10 Figure 25: |Validated AutoResearch run with 7 stages, 6 suppor
ted claims, and 78 required artifacts from out-

Overfull \hbox (39.11974pt too wide) in paragraph at lines 2119--2119
[]|\TU/lmr/m/n/10 output/data/autoresearch_evidence_overview.json|  

Overfull \hbox (48.63972pt too wide) in paragraph at lines 2121--2121
[]|\TU/lmr/m/n/10 output/data/autoresearch_integrity_attestation.json|  

Overfull \hbox (33.61974pt too wide) in paragraph at lines 2123--2123
[]|\TU/lmr/m/n/10 output/data/autoresearch_inventory_export.json|  

Overfull \hbox (15.01973pt too wide) in paragraph at lines 2126--2126
[]|\TU/lmr/m/n/10 output/data/autoresearch_phase_ledger.json|  

Overfull \hbox (20.50974pt too wide) in paragraph at lines 2129--2129
[]|\TU/lmr/m/n/10 output/data/autoresearch_review_packet.json|  

Overfull \hbox (32.80972pt too wide) in paragraph at lines 2130--2130
[]|\TU/lmr/m/n/10 output/data/autoresearch_schema_manifest.json|  

Overfull \hbox (25.60973pt too wide) in paragraph at lines 2132--2132
[]|\TU/lmr/m/n/10 output/data/autoresearch_security_profile.json|  

Overfull \hbox (11.94972pt too wide) in paragraph at lines 2134--2134
[]|\TU/lmr/m/n/10 output/data/autoresearch_stage_matrix.csv|  

Overfull \hbox (63.65973pt too wide) in paragraph at lines 2135--2135
[]|\TU/lmr/m/n/10 output/data/autoresearch_supply_chain_inventory.json|  

Overfull \hbox (17.46973pt too wide) in paragraph at lines 2137--2137
[]|\TU/lmr/m/n/10 output/data/autoresearch_threat_model.json|  

Overfull \hbox (9.72972pt too wide) in paragraph at lines 2144--2144
[]|\TU/lmr/m/n/10 output/data/manuscript_figure_blocks.json|  

Overfull \hbox (41.08972pt too wide) in paragraph at lines 2146--2146
[]|\TU/lmr/m/n/10 output/data/manuscript_variable_provenance.json|  

Overfull \hbox (25.51973pt too wide) in paragraph at lines 2150--2150
[]|\TU/lmr/m/n/10 output/data/ml_calibration_bin_intervals.json|  

Overfull \hbox (24.93973pt too wide) in paragraph at lines 2156--2156
[]|\TU/lmr/m/n/10 output/data/ml_candidate_rank_stability.json|  

Overfull \hbox (30.44972pt too wide) in paragraph at lines 2158--2158
[]|\TU/lmr/m/n/10 output/data/ml_candidate_selection_audit.json|  

Overfull \hbox (23.65973pt too wide) in paragraph at lines 2161--2161
[]|\TU/lmr/m/n/10 output/data/ml_classification_diagnostics.json|  

Overfull \hbox (5.49973pt too wide) in paragraph at lines 2164--2164
[]|\TU/lmr/m/n/10 output/data/ml_diagnostic_boundary.json|  

Overfull \hbox (16.37973pt too wide) in paragraph at lines 2168--2168
[]|\TU/lmr/m/n/10 output/data/ml_probability_diagnostics.json|  

Overfull \hbox (2.51973pt too wide) in paragraph at lines 2170--2170
[]|\TU/lmr/m/n/10 output/data/ml_statistical_summary.json|  

Overfull \hbox (3.03973pt too wide) in paragraph at lines 2172--2172
[]|\TU/lmr/m/n/10 output/data/ml_training_diagnostics.json|  

Overfull \hbox (8.59973pt too wide) in paragraph at lines 2175--2175
[]|\TU/lmr/m/n/10 output/data/research_object_manifest.json|  

Overfull \hbox (24.67973pt too wide) in paragraph at lines 2179--2179
[]|\TU/lmr/m/n/10 ../figures/autoresearch_candidate_lifecycle.png|  

Overfull \hbox (8.04973pt too wide) in paragraph at lines 2182--2182
[]|\TU/lmr/m/n/10 ../figures/autoresearch_integrity_chain.png|  

Overfull \hbox (48.98973pt too wide) in paragraph at lines 2184--2184
[]|\TU/lmr/m/n/10 ../figures/autoresearch_security_control_matrix.png|  

Overfull \hbox (8.56973pt too wide) in paragraph at lines 2189--2189
[]|\TU/lmr/m/n/10 ../figures/ml_candidate_rank_stability.png|  

Overfull \hbox (36.41972pt too wide) in paragraph at lines 2192--2192
[]|\TU/lmr/m/n/10 ../figures/ml_classification_metrics_heatmap.png|  

Overfull \hbox (41.42973pt too wide) in paragraph at lines 2201--2201
[]|\TU/lmr/m/n/10 ../figures/ml_probability_margin_distribution.png|  

Overfull \hbox (6.71973pt too wide) in paragraph at lines 2209--2209
[]|\TU/lmr/m/n/10 ../figures/mnist_subset_contact_sheet.png|  

Overfull \hbox (46.94972pt too wide) in paragraph at lines 2211--2211
[]|\TU/lmr/m/n/10 output/reports/autoresearch_evidence_overview.md|  

Overfull \hbox (28.33972pt too wide) in paragraph at lines 2214--2214
[]|\TU/lmr/m/n/10 output/reports/autoresearch_review_packet.md|  

Overfull \hbox (34.25974pt too wide) in paragraph at lines 2215--2215
[]|\TU/lmr/m/n/10 output/reports/autoresearch_security_review.md|  

Overfull \hbox (4.23973pt too wide) in paragraph at lines 2217--2217
[]|\TU/lmr/m/n/10 output/reports/autoresearch_summary.md|  

Overfull \hbox (35.42973pt too wide) in paragraph at lines 2218--2218
[]|\TU/lmr/m/n/10 output/reports/benchmark_readiness_smoke.json|  

Overfull \hbox (1.98973pt too wide) in paragraph at lines 2220--2220
[]|\TU/lmr/m/n/10 output/reports/ml_benchmark_score.json|  

Overfull \hbox (4.13972pt too wide) in paragraph at lines 2221--2221
[]|\TU/lmr/m/n/10 output/reports/ml_experiment_report.md|  
 [26] [27]
Overfull \hbox (84.59001pt too wide) in paragraph at lines 2297--2298
[]|\TU/lmr/m/n/10 output/reports/benchmark_readiness_smoke.json|  

Overfull \hbox (51.15001pt too wide) in paragraph at lines 2298--2299
[]|\TU/lmr/m/n/10 output/reports/ml_benchmark_score.json|  
 [28]
Overfull \hbox (53.80962pt too wide) in paragraph at lines 2412--2412
[]|\TU/lmr/m/n/10 fig:autoresearch_candidate_lifecycle|  

Overfull \hbox (24.71962pt too wide) in paragraph at lines 2414--2414
[]|\TU/lmr/m/n/10 fig:autoresearch_closure_flow|  

Overfull \hbox (37.17963pt too wide) in paragraph at lines 2415--2415
[]|\TU/lmr/m/n/10 fig:autoresearch_integrity_chain|  

Overfull \hbox (78.11961pt too wide) in paragraph at lines 2416--2416
[]|\TU/lmr/m/n/10 fig:autoresearch_security_control_matrix|  

Overfull \hbox (28.60962pt too wide) in paragraph at lines 2418--2418
[]|\TU/lmr/m/n/10 fig:autoresearch_stage_matrix|  

Overfull \hbox (12.48962pt too wide) in paragraph at lines 2419--2419
[]|\TU/lmr/m/n/10 fig:ml_bootstrap_intervals|  

Overfull \hbox (21.83963pt too wide) in paragraph at lines 2420--2420
[]|\TU/lmr/m/n/10 fig:ml_calibration_reliability|  

Overfull \hbox (38.52962pt too wide) in paragraph at lines 2421--2421
[]|\TU/lmr/m/n/10 fig:ml_candidate_rank_stability|  

Overfull \hbox (1.32962pt too wide) in paragraph at lines 2422--2422
[]|\TU/lmr/m/n/10 fig:ml_candidate_scores|  

Overfull \hbox (65.54962pt too wide) in paragraph at lines 2423--2423
[]|\TU/lmr/m/n/10 fig:ml_classification_metrics_heatmap|  

Overfull \hbox (18.99962pt too wide) in paragraph at lines 2425--2425
[]|\TU/lmr/m/n/10 fig:ml_complexity_accuracy|  

Overfull \hbox (3.51962pt too wide) in paragraph at lines 2426--2426
[]|\TU/lmr/m/n/10 fig:ml_confusion_matrix|  

Overfull \hbox (9.56963pt too wide) in paragraph at lines 2428--2428
[]|\TU/lmr/m/n/10 fig:ml_generalization_gap|  

Overfull \hbox (8.60962pt too wide) in paragraph at lines 2430--2430
[]|\TU/lmr/m/n/10 fig:ml_paired_correctness|  

Overfull \hbox (13.29962pt too wide) in paragraph at lines 2431--2431
[]|\TU/lmr/m/n/10 fig:ml_per_class_accuracy|  

Overfull \hbox (70.55962pt too wide) in paragraph at lines 2432--2432
[]|\TU/lmr/m/n/10 fig:ml_probability_margin_distribution|  

Overfull \hbox (11.53963pt too wide) in paragraph at lines 2434--2434
[]|\TU/lmr/m/n/10 fig:ml_probability_quality|  

Overfull \hbox (8.36963pt too wide) in paragraph at lines 2435--2435
[]|\TU/lmr/m/n/10 fig:ml_robustness_matrix|  

Overfull \hbox (7.64963pt too wide) in paragraph at lines 2436--2436
[]|\TU/lmr/m/n/10 fig:ml_selective_accuracy|  

Overfull \hbox (8.79962pt too wide) in paragraph at lines 2437--2437
[]|\TU/lmr/m/n/10 fig:ml_training_dynamics|  

Overfull \hbox (7.77962pt too wide) in paragraph at lines 2439--2439
[]|\TU/lmr/m/n/10 fig:mnist_error_examples|  

Overfull \hbox (35.84962pt too wide) in paragraph at lines 2440--2440
[]|\TU/lmr/m/n/10 fig:mnist_subset_contact_sheet|  
[29] [30] [31] [32] [33] (./_combined_manuscript.bbl [34] [35]) [36] [37]
(./_combined_manuscript.aux) )
(see the transcript file for additional information)
Output written on _combined_manuscript.pdf (39 pages).
Transcript written on _combined_manuscript.log.
